<?xml version="1.0" encoding="UTF-8"?>
<!-- Generated by org.testng.reporters.JUnitXMLReporter -->
<testsuite ignored="2" hostname="DESKTOP-TRG33V4" failures="0" tests="1" name="Test" time="20.469" errors="0" timestamp="15 Jan 2025 09:34:47 GMT">
  <testcase classname="com.comcast.crm.BaseOrgtest.CreateOrgTest" name="CreateOrgTest" time="11.529"/>
  <testcase classname="com.comcast.crm.BaseOrgtest.CreateOrgTest" name="createOrgWithphoneNumber" time="0.0">
    <ignored/>
  </testcase> <!-- createOrgWithphoneNumber -->
  <testcase classname="com.comcast.crm.BaseOrgtest.CreateOrgTest" name="CreateOrgwithindustries" time="0.0">
    <ignored/>
  </testcase> <!-- CreateOrgwithindustries -->
</testsuite> <!-- Test -->
