<?xml version="1.0" encoding="UTF-8"?>
<testng-results ignored="2" total="3" passed="1" failed="0" skipped="0">
  <reporter-output>
  </reporter-output>
  <suite started-at="2025-01-15T09:34:26Z" name="Suite" finished-at="2025-01-15T09:34:47Z" duration-ms="20469">
    <groups>
      <group name="smokeTest">
        <method signature="CreateOrgTest.CreateOrgTest()[pri:0, instance:com.comcast.crm.BaseOrgtest.CreateOrgTest@626abbd0]" name="CreateOrgTest" class="com.comcast.crm.BaseOrgtest.CreateOrgTest"/>
      </group> <!-- smokeTest -->
    </groups>
    <test started-at="2025-01-15T09:34:26Z" name="Test" finished-at="2025-01-15T09:34:47Z" duration-ms="20469">
      <class name="com.comcast.crm.BaseOrgtest.CreateOrgTest">
        <test-method is-config="true" signature="configBs()[pri:0, instance:com.comcast.crm.BaseOrgtest.CreateOrgTest@626abbd0]" started-at="2025-01-15T09:34:26Z" name="configBs" finished-at="2025-01-15T09:34:26Z" duration-ms="49" status="PASS">
          <reporter-output>
          </reporter-output>
        </test-method> <!-- configBs -->
        <test-method is-config="true" signature="configBC()[pri:0, instance:com.comcast.crm.BaseOrgtest.CreateOrgTest@626abbd0]" started-at="2025-01-15T09:34:26Z" name="configBC" finished-at="2025-01-15T09:34:29Z" duration-ms="3097" status="PASS">
          <reporter-output>
          </reporter-output>
        </test-method> <!-- configBC -->
        <test-method is-config="true" signature="configBM()[pri:0, instance:com.comcast.crm.BaseOrgtest.CreateOrgTest@626abbd0]" started-at="2025-01-15T09:34:29Z" name="configBM" finished-at="2025-01-15T09:34:33Z" duration-ms="4020" status="PASS">
          <reporter-output>
          </reporter-output>
        </test-method> <!-- configBM -->
        <test-method signature="CreateOrgTest()[pri:0, instance:com.comcast.crm.BaseOrgtest.CreateOrgTest@626abbd0]" started-at="2025-01-15T09:34:33Z" name="CreateOrgTest" finished-at="2025-01-15T09:34:45Z" duration-ms="11529" status="PASS">
          <reporter-output>
          </reporter-output>
        </test-method> <!-- CreateOrgTest -->
        <test-method is-config="true" signature="configAm()[pri:0, instance:com.comcast.crm.BaseOrgtest.CreateOrgTest@626abbd0]" started-at="2025-01-15T09:34:45Z" name="configAm" finished-at="2025-01-15T09:34:46Z" duration-ms="1465" status="PASS">
          <reporter-output>
          </reporter-output>
        </test-method> <!-- configAm -->
        <test-method is-config="true" signature="configAfterClass()[pri:0, instance:com.comcast.crm.BaseOrgtest.CreateOrgTest@626abbd0]" started-at="2025-01-15T09:34:46Z" name="configAfterClass" finished-at="2025-01-15T09:34:47Z" duration-ms="324" status="PASS">
          <reporter-output>
          </reporter-output>
        </test-method> <!-- configAfterClass -->
        <test-method is-config="true" signature="configAs()[pri:0, instance:com.comcast.crm.BaseOrgtest.CreateOrgTest@626abbd0]" started-at="2025-01-15T09:34:47Z" name="configAs" finished-at="2025-01-15T09:34:47Z" duration-ms="1" status="PASS">
          <reporter-output>
          </reporter-output>
        </test-method> <!-- configAs -->
      </class> <!-- com.comcast.crm.BaseOrgtest.CreateOrgTest -->
    </test> <!-- Test -->
  </suite> <!-- Suite -->
</testng-results>
